INFO:root:AdaBoost training parameters:
INFO:root:Number of estimators: 5
INFO:root:Learning rate: 0.65
INFO:root:Max depth: 1
INFO:root:Czas trwania treningu: 1.9849944114685059
INFO:root:Czas trwania obliczania predykcji modelu: 16.899012565612793
INFO:root:Czas trwania treningu: 1.688000202178955
INFO:root:Czas trwania obliczania predykcji modelu: 20.438026666641235
INFO:root:Czas trwania treningu: 1.955087423324585
INFO:root:Czas trwania obliczania predykcji modelu: 20.29086947441101
INFO:root:Czas trwania treningu: 2.1390020847320557
INFO:root:Czas trwania obliczania predykcji modelu: 20.087244033813477
INFO:root:Czas trwania treningu: 1.8459975719451904
INFO:root:Czas trwania obliczania predykcji modelu: 23.99558711051941
INFO:root:Wynik biezacego modelu: 0.026183844815023387
INFO:root:AdaBoost training parameters:
INFO:root:Number of estimators: 5
INFO:root:Learning rate: 0.65
INFO:root:Max depth: 2
INFO:root:Czas trwania treningu: 2.8149993419647217
INFO:root:Czas trwania obliczania predykcji modelu: 26.353527307510376
INFO:root:Czas trwania treningu: 2.261990785598755
INFO:root:Czas trwania obliczania predykcji modelu: 22.256004095077515
INFO:root:Czas trwania treningu: 2.1279993057250977
INFO:root:Czas trwania obliczania predykcji modelu: 19.998024702072144
INFO:root:Czas trwania treningu: 1.8249921798706055
INFO:root:Czas trwania obliczania predykcji modelu: 16.30325222015381
INFO:root:Czas trwania treningu: 1.7740025520324707
INFO:root:Czas trwania obliczania predykcji modelu: 15.563003540039062
INFO:root:Wynik biezacego modelu: 0.004281769125084465
INFO:root:AdaBoost training parameters:
INFO:root:Number of estimators: 5
INFO:root:Learning rate: 0.65
INFO:root:Max depth: 3
INFO:root:Czas trwania treningu: 1.9489946365356445
INFO:root:Czas trwania obliczania predykcji modelu: 15.796002388000488
INFO:root:Czas trwania treningu: 1.914999008178711
INFO:root:Czas trwania obliczania predykcji modelu: 14.871999502182007
INFO:root:Czas trwania treningu: 1.8550009727478027
INFO:root:Czas trwania obliczania predykcji modelu: 15.633001327514648
INFO:root:Czas trwania treningu: 1.594994068145752
INFO:root:Czas trwania obliczania predykcji modelu: 15.022002696990967
INFO:root:Czas trwania treningu: 1.6499955654144287
INFO:root:Czas trwania obliczania predykcji modelu: 14.67400336265564
INFO:root:Wynik biezacego modelu: 0.0024190973135694233
INFO:root:AdaBoost training parameters:
INFO:root:Number of estimators: 5
INFO:root:Learning rate: 0.65
INFO:root:Max depth: 4
INFO:root:Czas trwania treningu: 1.8069977760314941
INFO:root:Czas trwania obliczania predykcji modelu: 14.565001964569092
INFO:root:Czas trwania treningu: 1.8299949169158936
